2024-05-17T17:44:12.165Z - Chat ID: 299044555 - Message: 1234
2024-05-17T17:53:52.011Z - Chat ID: 299044555 - Message: 7143
2024-05-17T17:54:35.883Z - Chat ID: 299044555 - Message: خيرات الوطن
10803451
RC7162B84AFFAB7AA
EE600435BE76BE7A
901
2024-05-17T17:55:40.068Z - Chat ID: 299044555 - Message: خيرات الوطن
10803451
R45A1C828A5089133
EE600435BE76BE7A
901
2024-05-17T20:34:39.445Z - Chat ID: 299044555 - Message: خيرات الوطن
10803451
R1234567890123456
EE600435BE76BE7A
90144
2024-05-17T20:35:12.069Z - Chat ID: 299044555 - Message: البلدية
17829142
R1234567890123456
6841AC68CECDADF8
90144
2024-05-17T20:37:41.888Z - Chat ID: 299044555 - Message: البلدية
17829142
RC7162B84AFFAB7AA
6841AC68CECDADF8
90304
2024-05-18T19:31:32.872Z - Chat ID: 299044555 - Message: مطعم الزعيم
16894905
RE644DB52EB00A3E4
6AEF33797EC4A393
24640
2024-05-18T19:32:32.969Z - Chat ID: 299044555 - Message: الترابط التقني بنغازي
58313724
RB71EA6F37775B5B0
7C37B4733D752E8A
40894462
2024-05-18T19:58:23.256Z - Chat ID: 299044555 - Message: مركز كريستال للياقة البدنية
21297702
RE9633D9CA00B7BE1
375CFD0FE5DBA364
24644
2024-05-18T23:32:52.665Z - Chat ID: 299044555 - Message: TeamViewer ID: 913 945 119
Your password: gkay3zfr
2024-05-19T03:47:51.606Z - Chat ID: 299044555 - Message: السحاب
14862366
RAA2CE2469993C83D
5BDFAB868678D4C4
24640
2024-05-19T03:48:38.746Z - Chat ID: 299044555 - Message: 2222
2024-05-19T03:48:43.779Z - Chat ID: 299044555 - Message: السحاب
14862366
RAA2CE2469993C83D
5BDFAB868678D4C4
24640
2024-05-19T03:53:14.042Z - Chat ID: 299044555 - Message: Jj
2024-05-19T03:53:23.611Z - Chat ID: 299044555 - Message: Ff
2024-05-19T03:54:04.052Z - Chat ID: 299044555 - Message: السحاب
14862366
RAA2CE2469993C83D
5BDFAB868678D4C4
24640
2024-05-19T13:43:55.037Z - Chat ID: 1602013097 - Message: 1973
2024-05-19T13:47:39.358Z - Chat ID: 299044555 - Message: خيرات الوطن
10803451
RC7162B84AFFAB7AA
EE600435BE76BE7A
90144
2024-05-19T13:49:35.546Z - Chat ID: 299044555 - Message: البلدية
17829142
R45A1C828A5089133
6841AC68CECDADF8
4204544
2024-05-19T18:33:51.192Z - Chat ID: 299044555 - Message: 123
2024-05-19T18:33:54.026Z - Chat ID: 299044555 - Message: 1234
2024-05-23T23:02:46.851Z - Chat ID: 299044555 - Message: 1234
2024-05-23T23:03:28.669Z - Chat ID: 299044555 - Message: شركة دار الغذاء
12507570
R45A1C828A50891334
89967C6752951EAE
90116
2024-05-23T23:19:39.998Z - Chat ID: 299044555 - Message: الاندماج التقني
47367703
RT991CC29BFE624492
F040F922B0A3E013
34602494
2025-03-28
2024-05-23T23:31:08.046Z - Chat ID: 299044555 - Message: الاندماج التقني
47367703
R45A1C828A508913F
F040F922B0A3E013
34602494
2025-03-28
2024-05-23T23:35:55.110Z - Chat ID: 299044555 - Message: fetch
47367703
R45A1C828A50891335
F040F922B0A3E013
34602494
2025-03-28
2024-05-23T23:43:13.247Z - Chat ID: 299044555 - Message: شركة دار الغذاء
69329422
REFFCD92AA28B9DC5
EF7DA3F8F9803987
24576
2024-05-23T23:43:41.624Z - Chat ID: 299044555 - Message: شركة دار الغذاء
69329422
REFFCD92AA28B9DC5
EF7DA3F8F9803987
24576
2025-03-28
2024-05-23T23:48:50.367Z - Chat ID: 299044555 - Message: شركة دار الغذاء
69329422
REFFCD92AA28B9DC5
EF7DA3F8F9803987
24576
2027-03-28
2024-05-23T23:57:13.669Z - Chat ID: 6942918484 - Message: الترابط التقني
15487617
X8393410062AAD8BF
1BAD10D901E7203A
34602494
2024-08-28
2024-05-23T23:57:39.485Z - Chat ID: 6942918484 - Message: الترابط التقني
15487617
XT8393410062AAD8BF
1BAD10D901E7203A
34602494
2024-08-28
2024-05-23T23:58:39.646Z - Chat ID: 299044555 - Message: جلال النجار
20197279
RT6BB5A31DF9962CA6
99DBECF1134071F9
34602238
2025-06-01
2024-05-23T23:59:53.610Z - Chat ID: 299044555 - Message: شركة المجموعة المتحدة
80481458
RTACC64E78E560B0B9
1739F04A2EFBC94A
34204828
2024-05-24T00:17:46.513Z - Chat ID: 299044555 - Message: البلدية
17829142
R45A1C828A5089133
3BFB138BCEDEC08C
4205568
2024-05-24T11:30:59.758Z - Chat ID: 299044555 - Message: 1234
2024-05-24T11:34:27.606Z - Chat ID: 299044555 - Message: الترابط التقني بنغازي
58313724
RB71EA6F37775B5B0
7C37B4733D752E8A
40894462
2024-05-24T11:35:15.452Z - Chat ID: 299044555 - Message: شركة دار الغذاء
12507570
R23F45003B11E556B
89967C6752951EAE
90116
2024-05-24T11:36:13.727Z - Chat ID: 299044555 - Message: شركة دار الغذاء
69329422
REFFCD92AA28B9DC5
EF7DA3F8F9803987
24576
2024-05-24T11:55:18.635Z - Chat ID: 299044555 - Message: شركة دار الغذاء
12507570
R23F45003B11E556B
89967C6752951EAE
90116
2024-05-24T11:55:41.011Z - Chat ID: 299044555 - Message: الترابط التقني بنغازي
58313724
RB71EA6F37775B5B0
7C37B4733D752E8A
40894462
2024-05-25T13:59:30.759Z - Chat ID: 299044555 - Message: hussam test1 new
12507570
RR123456789555555
89967C675295ersa
45088
2024-05-25T14:10:20.356Z - Chat ID: 299044555 - Message: hussam test1 new
12507570
RR123456789555555
89967C675295DEWX
47280
2024-05-25T14:37:00.891Z - Chat ID: 299044555 - Message: test 123
12589570
RR1234567895555FD
89967C675295DEWX
12320
2024-05-25T14:38:16.590Z - Chat ID: 299044555 - Message: test 123
12589570
RR1234567895555FD
89967C675295DEWX
47152
2024-05-25T16:56:53.722Z - Chat ID: 299044555 - Message: hussam madlum
10322123
REDF5TGTYH56YTHGY
7EEF7Dfd1523E19
45088
2024-05-25T16:57:47.620Z - Chat ID: 299044555 - Message: hussam test1 new
10322123
RTFE4543456765654
7EEF7Dfd1523E19
24576
2024-05-25T16:58:36.317Z - Chat ID: 299044555 - Message: hussam temp
10322123
RTGFKD9GR89GTRFTGT
7EEF7Dfd1523E19DD
90176
2024-05-31
2024-05-25T16:59:11.680Z - Chat ID: 299044555 - Message: hussam test1 new
10322123
RTFE4543456765654
7EEF7Dfd1523E19
47122
2024-05-25T16:59:31.788Z - Chat ID: 299044555 - Message: hussam test1 new
10322123
RTGFKIGTKIDKFOGLR
7EEF7Dfd1523E19
47122
2024-05-25T19:35:26.170Z - Chat ID: 299044555 - Message: yasmin
10322123
REDF5TGTYH56YTHDR
7EEF7Dfd1523E19
47122
2024-05-26T10:44:07.399Z - Chat ID: 6942918484 - Message: 9485
2024-05-27T12:32:36.536Z - Chat ID: 299044555 - Message: husam test
5245757
REDF5TGTYH5HUSSAM
7EEF7Dfd1523E19
24640
2024-05-27T12:36:23.595Z - Chat ID: 299044555 - Message: husam test
5245757
REDF5TGTYH5HUSSA1
7EEF7Dfd1523587
24640
2024-05-27T12:38:32.538Z - Chat ID: 299044555 - Message: husam test
5245757
REDF5TGTYH5MADLUM
7EEF7Dfd1523DTE
27712
2024-05-27T15:53:17.625Z - Chat ID: 299044555 - Message: طلب ترخيص تجربي
49602951
RTESTTESTTESTEST1
A44D7CA8429AF522
24576
2024-05-27T16:03:45.901Z - Chat ID: 299044555 - Message: test
49602951
RD5F454C5V45454F5
A44D7CA8429AF522
40861438
2024-05-27T16:05:12.575Z - Chat ID: 299044555 - Message: test 01
49602951
RDFFFFSDGDGDFDFBG
A44D7CA8429AF522
90176
2024-05-28T15:12:12.317Z - Chat ID: 299044555 - Message: بن عجال لقطع غيار السيارات
17498164
RTFE4543456765654
7B23F12D28449B32
90176
2024-05-28T18:20:18.327Z - Chat ID: 299044555 - Message: sdfsdfds
20197279
RTFE4543456765654
99DBECF1134071F9
90176
2025-06-01
2024-05-28T19:04:07.637Z - Chat ID: 299044555 - Message: شركة دار الغذاء
12507570
R23F45003B11E556B
89967C6752951EAE
90116
2024-05-28T19:04:22.022Z - Chat ID: 299044555 - Message: محمد البرجي
21068114
R091DE4A1055DF9BA
C7AC9148AC7A2A10
24640
2024-05-28T19:04:36.583Z - Chat ID: 299044555 - Message: ريماس للملابس
12322920
R012914EC37187B45
7D5D4E2598176A3F
24640
2024-05-29T01:56:49.652Z - Chat ID: 299044555 - Message: شركة دار الغذاء
12507570
R23F45003B11E556B
89967C6752951EAE
90116
2024-05-29T01:57:09.720Z - Chat ID: 299044555 - Message: الاندماج التقني
49602951
RTF5AA2E067E24F533
A44D7CA8429AF522
40861438
2025-06-0
2024-05-29T01:57:20.691Z - Chat ID: 299044555 - Message: الاندماج التقني
49602951
RTF5AA2E067E24F533
A44D7CA8429AF522
40861438
2025-06-01
2024-05-29T01:57:53.251Z - Chat ID: 299044555 - Message: محمد البرجي
21068114
R091DE4A1055DF9BA
C7AC9148AC7A2A10
24640
2024-05-29T01:58:00.866Z - Chat ID: 299044555 - Message: ريماس للملابس
12322920
R012914EC37187B45
7D5D4E2598176A3F
24640
2024-05-29T01:59:02.403Z - Chat ID: 299044555 - Message: شركة دار الغذاء
10322276
RF98114967391F899
7EEF7D6631523E19
90116
2024-05-29T01:59:13.088Z - Chat ID: 299044555 - Message: شركة دار الغذاء
69329422
REFFCD92AA28B9DC5
EF7DA3F8F9803987
24576
2024-05-29T02:16:56.085Z - Chat ID: 6942918484 - Message: 5934
2024-05-29T03:17:01.848Z - Chat ID: 299044555 - Message: 2452
2024-05-29T03:18:28.344Z - Chat ID: 299044555 - Message: husa
69329422
R12325SDF15SDF151
EF7DA3F8F9803987
24640
2024-05-29T13:46:06.753Z - Chat ID: 299044555 - Message: fghfhfgh
69329422
RSDDSGSDGD43434543
EF7DA3F8F98ASR7
24640
2024-05-29T13:46:47.267Z - Chat ID: 299044555 - Message: sdfd sdg sd g
69329422
RSDDSGSDGD43434543
EF7DA3F8F98REFD
24640
2024-05-29T13:47:03.767Z - Chat ID: 299044555 - Message: sdfd sdg sd g
69329422
RXFDFBDFBFBN55432
EF7DA3F8F98REDF
24640
2024-05-29T14:43:21.463Z - Chat ID: 299044555 - Message: dddssd
69329422
RXFDFBDFBFBN55432D
EF7DA3F8F98REDF
24640
2024-05-29T14:54:38.123Z - Chat ID: 299044555 - Message: sdfd sdg sd g
69329422
RXFDFBDFBFBN55432
EF7DA3F8F98REDF
90176
2024-05-29T14:55:59.087Z - Chat ID: 299044555 - Message: for test
69329422
REFGDSFSFSDFSDFS33
EF7DA3F8F98REDF
90208
2024-05-29T15:00:17.671Z - Chat ID: 299044555 - Message: test id 1
69329422
RDFGVDFGDFGDFG543
EF7DA3F8F98REss
24640
2024-05-29T15:06:35.382Z - Chat ID: 299044555 - Message: sdfsdfds
69329422
RTETIDIDIDID12345
EF7DA3F8F98Rsss
24640
2024-05-29T15:09:38.989Z - Chat ID: 299044555 - Message: temp test
69329422
RSFDS151515SDF515
EF7DA3F8F98RED
24640
2024-05-31
2024-05-29T15:21:16.320Z - Chat ID: 299044555 - Message: شركة دار الغذاء
69324343
R43242343243223423
EF7DA3F8F98RED
24640
2024-05-29T15:24:37.797Z - Chat ID: 299044555 - Message: New License
342432
RWEQWEWQEQWDCSDFF
EF7DA3F8F98RED
90176
2024-05-29T15:25:17.338Z - Chat ID: 299044555 - Message: temp
5324524352
RDSFSDFSDFSF233232
EF7DA3ERFED44
24640
2024-06-28
2024-05-29T15:30:19.958Z - Chat ID: 299044555 - Message: New License
5324543242
RDSFSF3432DFGFDGR
DFDEFDDEFEFEFE
90176
2024-05-29T15:32:43.978Z - Chat ID: 299044555 - Message: temp
243242
RDSFSDFSDFSF233232
DFDEFDDRWersafD
28992
2024-06-28
2024-05-29T15:34:55.578Z - Chat ID: 299044555 - Message: New License
243242
RDSFSF3432DFGFDER
DFDEFDDRWersdds
28992
2024-05-29T15:47:50.081Z - Chat ID: 299044555 - Message: 1085
2024-05-29T15:50:21.176Z - Chat ID: 299044555 - Message: من المندوب
243242
RSDFSDDSGDS123215
DFDEFDDRWersdda
24640
2024-05-29T21:33:10.469Z - Chat ID: 299044555 - Message: test
243242
RTFDFGDF151515151
DFDEFDDRWersdds
90176
2024-05-29T21:35:34.316Z - Chat ID: 299044555 - Message: test from user
243242
R123D415DR456F54D
DFDEFDDRWersdds
24640
2024-05-29T22:03:36.341Z - Chat ID: 299044555 - Message: test
14385574
RDSGSDGSG43434F44
DA826D405E08F044
90176
2024-05-29T22:40:40.450Z - Chat ID: 299044555 - Message: 1449
2024-05-30T03:35:55.431Z - Chat ID: 299044555 - Message: test
1293497
RXXXXSXSXSXSXSXSX
E6F3B83DC3DDXXXX
24576
